This is pdfTeX, Version 3.14159265-2.6-1.40.16 (TeX Live 2015/Debian) (preloaded format=pdflatex 2017.1.2)  6 JAN 2017 00:05
entering extended mode
 restricted \write18 enabled.
 %&-line parsing enabled.
**numbers.tex
(./numbers.tex
LaTeX2e <2016/02/01>
Babel <3.9q> and hyphenation patterns for 3 language(s) loaded.
(/usr/share/texlive/texmf-dist/tex/latex/base/article.cls
Document Class: article 2014/09/29 v1.4h Standard LaTeX document class
(/usr/share/texlive/texmf-dist/tex/latex/base/size10.clo
File: size10.clo 2014/09/29 v1.4h Standard LaTeX file (size option)
)
\c@part=\count79
\c@section=\count80
\c@subsection=\count81
\c@subsubsection=\count82
\c@paragraph=\count83
\c@subparagraph=\count84
\c@figure=\count85
\c@table=\count86
\abovecaptionskip=\skip41
\belowcaptionskip=\skip42
\bibindent=\dimen102
) (./numbers.aux)
\openout1 = `numbers.aux'.

LaTeX Font Info:    Checking defaults for OML/cmm/m/it on input line 1.
LaTeX Font Info:    ... okay on input line 1.
LaTeX Font Info:    Checking defaults for T1/cmr/m/n on input line 1.
LaTeX Font Info:    ... okay on input line 1.
LaTeX Font Info:    Checking defaults for OT1/cmr/m/n on input line 1.
LaTeX Font Info:    ... okay on input line 1.
LaTeX Font Info:    Checking defaults for OMS/cmsy/m/n on input line 1.
LaTeX Font Info:    ... okay on input line 1.
LaTeX Font Info:    Checking defaults for OMX/cmex/m/n on input line 1.
LaTeX Font Info:    ... okay on input line 1.
LaTeX Font Info:    Checking defaults for U/cmr/m/n on input line 1.
LaTeX Font Info:    ... okay on input line 1.
LaTeX Font Info:    External font `cmex10' loaded for size
(Font)              <12> on input line 1.
LaTeX Font Info:    External font `cmex10' loaded for size
(Font)              <8> on input line 1.
LaTeX Font Info:    External font `cmex10' loaded for size
(Font)              <6> on input line 1.
Missing character: There is no Ã in font cmr10!
Missing character: There is no ­ in font cmr10!

[1

{/var/lib/texmf/fonts/map/pdftex/updmap/pdftex.map}] [2]
Missing character: There is no Ã in font cmr10!
Missing character: There is no © in font cmr10!
Missing character: There is no Ã in font cmr10!
Missing character: There is no œ in font cmr10!
 [3] [4]
Missing character: There is no Ã in font cmr10!
Missing character: There is no ­ in font cmr10!
 [5]
Missing character: There is no Ã in font cmr10!
Missing character: There is no – in font cmr10!
 [6]
Missing character: There is no Ã in font cmr10!
Missing character: There is no ¼ in font cmr10!
Missing character: There is no Ã in font cmr10!
Missing character: There is no « in font cmr10!

[7]
Missing character: There is no Ã in font cmr10!
Missing character: There is no ­ in font cmr10!
 [8]
Missing character: There is no Ã in font cmr10!
Missing character: There is no © in font cmr10!
Missing character: There is no Ã in font cmr10!
Missing character: There is no ­ in font cmr10!
Missing character: There is no Ã in font cmr10!
Missing character: There is no © in font cmr10!
Missing character: There is no Ã in font cmr10!
Missing character: There is no « in font cmr10!

Overfull \hbox (5.02844pt too wide) in paragraph at lines 2563--2583
 \OT1/cmr/bx/n/10 128[] \OT1/cmr/m/n/10 in-tik aan-tik nootka in-take antiek on
-tkom mintaka on-tk-wam mantiek antieke
 []

[9]
Missing character: There is no Ã in font cmr10!
Missing character: There is no © in font cmr10!
Missing character: There is no Ã in font cmr10!
Missing character: There is no œ in font cmr10!

Overfull \hbox (8.61194pt too wide) in paragraph at lines 2793--2813
\OT1/cmr/m/n/10 mandag handig zondag windig bondig zondige hand-bag an-deweg na
amdag bondige 
 []

[10]
Missing character: There is no Ã in font cmr10!
Missing character: There is no « in font cmr10!

Overfull \hbox (2.00064pt too wide) in paragraph at lines 3066--3086
 \OT1/cmr/bx/n/10 154[] \OT1/cmr/m/n/10 in-fer in-fra in-firm un-fair con-fer o
n-fair in-form con-form un-faire on-fraai conifer
 []

Missing character: There is no Ã in font cmr10!
Missing character: There is no ¯ in font cmr10!
[11]
Missing character: There is no Ã in font cmr10!
Missing character: There is no ¡ in font cmr10!
Missing character: There is no Ã in font cmr10!
Missing character: There is no ¤ in font cmr10!
 [12]
Overfull \hbox (32.69504pt too wide) in paragraph at lines 3399--3407
 \OT1/cmr/bx/n/10 169[] \OT1/cmr/m/n/10 nose-bag nosegay man-shoge men-shoog ma
n-shoog men-shoge an-heis-chig wochenaus-
 []

[13]
Overfull \hbox (3.08408pt too wide) in paragraph at lines 3769--3789
 \OT1/cmr/bx/n/10 187[] \OT1/cmr/m/n/10 inkuip inkoop inkeep niekoop maankop ni
-jkamp honkoop beenkap neekamp
 []


Overfull \hbox (1.973pt too wide) in paragraph at lines 3789--3809
 \OT1/cmr/bx/n/10 188[] \OT1/cmr/m/n/10 nikki nikky nikkei na-keek an-kick inki
jk nakijk nikkie inkeek inkook zinkbak
 []

[14]
Overfull \hbox (1.9452pt too wide) in paragraph at lines 3913--3933
\OT1/cmr/m/n/10 mengde in-goed neigde binged jongde bunged man-aged zang-duo ma
an-god neighed
 []


Overfull \hbox (6.69516pt too wide) in paragraph at lines 4026--4035
 \OT1/cmr/bx/n/10 198[] \OT1/cmr/m/n/10 mengkom onge-mak wangzak meng-bak zang-
boek hang-buik meng-bakje hang-
 []

[15] [16]
Missing character: There is no Ã in font cmr10!
Missing character: There is no ­ in font cmr10!

Overfull \hbox (15.02852pt too wide) in paragraph at lines 4604--4614
 \OT1/cmr/bx/n/10 227[] \OT1/cmr/m/n/10 http uit-tap titi-aap toe-toep boot-typ
e au-to-type bottom-up au-to-typie tachotype
 []

[17]
Overfull \hbox (5.27841pt too wide) in paragraph at lines 4634--4654
\OT1/cmr/m/n/10 tige cot-tage mot-tige tochtig tachtig wet-matig bettzeug tocht
ige zot-tegem tatoeage
 []


Overfull \hbox (5.27853pt too wide) in paragraph at lines 4694--4714
\OT1/cmr/m/n/10 uitweidt tu-mid-ity uitademt ti-jd-maat timid-ity uit-woedt toe
wi-jdt uitwiedt toedacht
 []

Missing character: There is no Ã in font cmr10!
Missing character: There is no œ in font cmr10!
[18]
Overfull \hbox (6.66727pt too wide) in paragraph at lines 4869--4888
\OT1/cmr/m/n/10 wachtdag watch-dog oot-moedig achtz-i-jdig oot-moedige tweez-i-
jdig tweez-i-jdige achtz-
 []


Overfull \hbox (0.30615pt too wide) in paragraph at lines 5088--5105
 \OT1/cmr/bx/n/10 250[] \OT1/cmr/m/n/10 tefl tafel toefl tub-ful wit-film out-f
low twi-jfel hit-film hate-ful watch-ful mouth-
 []

[19]
Overfull \hbox (5.52823pt too wide) in paragraph at lines 5349--5367
 \OT1/cmr/bx/n/10 263[] \OT1/cmr/m/n/10 teased ts-jaad tsaidam tues-day out-sid
e ambt-seed bethesda wet-sidee uitschud
 []

[20]
Overfull \hbox (11.5839pt too wide) in paragraph at lines 5387--5396
 \OT1/cmr/bx/n/10 265[] \OT1/cmr/m/n/10 theosoof amtschef uitschoof theosofie u
itschuif toeschuif toeschoof bathyscaaf
 []


Overfull \hbox (7.47275pt too wide) in paragraph at lines 5416--5436
 \OT1/cmr/bx/n/10 267[] \OT1/cmr/m/n/10 tsp tbsp uit-spuw au-toshop oto-scoop t
huismap houtwesp uitschep maatschap
 []


Overfull \hbox (2.75044pt too wide) in paragraph at lines 5456--5465
 \OT1/cmr/bx/n/10 269[] \OT1/cmr/m/n/10 bit-sig hit-sig hit-sige bit-sige witsc
hge thuiszege taxushaag ambtswege ambts-
 []


Overfull \hbox (2.80624pt too wide) in paragraph at lines 5525--5538
 \OT1/cmr/bx/n/10 273[] \OT1/cmr/m/n/10 typed tepid taped toepad top-duo temped
 tamped au-toped ty-phoid topjudo
 []

[21]
Overfull \hbox (9.47293pt too wide) in paragraph at lines 5624--5634
 \OT1/cmr/bx/n/10 278[] \OT1/cmr/m/n/10 uit-pak uit-pik topeka maat-pak beet-pa
k tophoek top-week tjep-kema tophockey
 []


Overfull \hbox (5.02824pt too wide) in paragraph at lines 5729--5741
 \OT1/cmr/bx/n/10 283[] \OT1/cmr/m/n/10 toked tacked tucked ticked tweaked thwa
cked uitkamde taak-code uitkauwde
 []

Missing character: There is no Ã in font cmr10!
Missing character: There is no « in font cmr10!

Overfull \hbox (7.50072pt too wide) in paragraph at lines 5741--5761
\OT1/cmr/m/n/10 keer toe-keer tokayer taakuur wit-maker uitkraam uitkraai tokio
r eetkamer whitaker 
 []


Overfull \hbox (7.52847pt too wide) in paragraph at lines 5821--5835
 \OT1/cmr/bx/n/10 287[] \OT1/cmr/m/n/10 uitkip witkop uitkap witkamp houtkap ui
tkoop theekop tweekamp achtkamp
 []

[22]
Missing character: There is no Ã in font cmr10!
Missing character: There is no « in font cmr10!
Missing character: There is no Ã in font cmr10!
Missing character: There is no ¨ in font cmr10!
 [23]
Overfull \hbox (0.30617pt too wide) in paragraph at lines 6224--6235
 \OT1/cmr/bx/n/10 307[] \OT1/cmr/m/n/10 adolph del-phi dewlap del-phic doelmap 
bed-lamp wed-loop head-lamp dubbe-
 []


Overfull \hbox (5.55626pt too wide) in paragraph at lines 6255--6275
\OT1/cmr/m/n/10 doezelig di-a-logue huid-laag duizelig zedel-gem dom-melig de-c
alage ide-ol-ogy decaloog
 []

Missing character: There is no Ã in font cmr10!
Missing character: There is no « in font cmr10!
[24]
Missing character: There is no Ã in font cmr10!
Missing character: There is no ³ in font cmr10!
Missing character: There is no Ã in font cmr10!
Missing character: There is no ¶ in font cmr10!
Missing character: There is no Ã in font cmr10!
Missing character: There is no ­ in font cmr10!
Missing character: There is no Ã in font cmr10!
Missing character: There is no © in font cmr10!
Missing character: There is no Ã in font cmr10!
Missing character: There is no « in font cmr10!
 [25]
Missing character: There is no Ã in font cmr10!
Missing character: There is no « in font cmr10!

Overfull \hbox (7.77834pt too wide) in paragraph at lines 6703--6719
\OT1/cmr/m/n/10 gummi zi-jdeachtig hei-deachtig hei-deachtige zi-jdeachtige ci-
cadeachtig ci-cadeachtige
 []

[26]
Missing character: There is no Ã in font cmr10!
Missing character: There is no œ in font cmr10!
Missing character: There is no Ã in font cmr10!
Missing character: There is no © in font cmr10!
 [27]
Missing character: There is no Ã in font cmr10!
Missing character: There is no © in font cmr10!
Missing character: There is no Ã in font cmr10!
Missing character: There is no ¯ in font cmr10!
Missing character: There is no Ã in font cmr10!
Missing character: There is no © in font cmr10!
Missing character: There is no Ã in font cmr10!
Missing character: There is no © in font cmr10!

Overfull \hbox (9.7506pt too wide) in paragraph at lines 7185--7203
 \OT1/cmr/bx/n/10 353[] \OT1/cmr/m/n/10 diefde doofde de-fied de-famed dofheid 
de-i-fied dufheid de-faced ed-i-fied doofheid
 []

Missing character: There is no Ã in font cmr10!
Missing character: There is no ¼ in font cmr10!
[28]
Missing character: There is no Ã in font cmr10!
Missing character: There is no © in font cmr10!
Missing character: There is no Ã in font cmr10!
Missing character: There is no º in font cmr10!
Missing character: There is no Ã in font cmr10!
Missing character: There is no © in font cmr10!
Missing character: There is no Ã in font cmr10!
Missing character: There is no © in font cmr10!
Missing character: There is no Ã in font cmr10!
Missing character: There is no © in font cmr10!
Missing character: There is no Ã in font cmr10!
Missing character: There is no © in font cmr10!
Missing character: There is no Ã in font cmr10!
Missing character: There is no ­ in font cmr10!
Missing character: There is no Ã in font cmr10!
Missing character: There is no © in font cmr10!

Overfull \hbox (0.25053pt too wide) in paragraph at lines 7534--7543
 \OT1/cmr/bx/n/10 368[] \OT1/cmr/m/n/10 dusk desk disk dusky damask dashiki dis
kcache dis-co-muziek mod-e-schmuck 
 []

[29]
Missing character: There is no Ã in font cmr10!
Missing character: There is no º in font cmr10!
Missing character: There is no Ã in font cmr10!
Missing character: There is no © in font cmr10!

Overfull \hbox (5.02846pt too wide) in paragraph at lines 7737--7747
 \OT1/cmr/bx/n/10 378[] \OT1/cmr/m/n/10 deepak bad-pak doophek mud-pack waad-pa
k doop-boek dumpzaak dweepziek
 []

[30]
Overfull \hbox (16.38971pt too wide) in paragraph at lines 8011--8031
\OT1/cmr/m/n/10 budged dam-aged demigod dog-wood de-bugde dag-wood be-daagd wed
g-wood moedigde
 []

[31]
Overfull \hbox (1.41733pt too wide) in paragraph at lines 8194--8206
 \OT1/cmr/bx/n/10 399[] \OT1/cmr/m/n/10 dogge dagge doggy dagzege dag-boog dima
g-gio dema-goog dem-a-gogy hedge-
 []

[32]
Missing character: There is no Ã in font cmr10!
Missing character: There is no « in font cmr10!

Overfull \hbox (4.4729pt too wide) in paragraph at lines 8340--8354
 \OT1/cmr/bx/n/10 407[] \OT1/cmr/m/n/10 ralph ri-blap burlap oor-lap ro-laap ha
re-lip bru-laap bralaap oor-clip muurlamp
 []

[33]
Missing character: There is no Ã in font cmr10!
Missing character: There is no © in font cmr10!
Missing character: There is no Ã in font cmr10!
Missing character: There is no ¶ in font cmr10!
 [34]
Missing character: There is no Ã in font cmr10!
Missing character: There is no œ in font cmr10!
Missing character: There is no Ã in font cmr10!
Missing character: There is no « in font cmr10!
 [35]
Missing character: There is no Ã in font cmr10!
Missing character: There is no ¶ in font cmr10!
Missing character: There is no Ã in font cmr10!
Missing character: There is no « in font cmr10!
Missing character: There is no Ã in font cmr10!
Missing character: There is no « in font cmr10!
Missing character: There is no Ã in font cmr10!
Missing character: There is no « in font cmr10!
Missing character: There is no Ã in font cmr10!
Missing character: There is no ¼ in font cmr10!
Missing character: There is no Ã in font cmr10!
Missing character: There is no © in font cmr10!
Missing character: There is no Ã in font cmr10!
Missing character: There is no © in font cmr10!
Missing character: There is no Ã in font cmr10!
Missing character: There is no © in font cmr10!
 [36]
Missing character: There is no Ã in font cmr10!
Missing character: There is no © in font cmr10!
Missing character: There is no Ã in font cmr10!
Missing character: There is no ¶ in font cmr10!

Overfull \hbox (11.33376pt too wide) in paragraph at lines 9421--9435
 \OT1/cmr/bx/n/10 465[] \OT1/cmr/m/n/10 ros-bif cur-sief ros-bief muur-safe cur
-siefje re-ichshof reis-chaaf rem-schijf reeschaaf
 []


Overfull \hbox (2.8894pt too wide) in paragraph at lines 9475--9495
 \OT1/cmr/bx/n/10 468[] \OT1/cmr/m/n/10 risk rusk brisk risky roskam bru-usk ar
abesk bru-uske reiszak car-sick mariska
 []

[37]
Missing character: There is no Ã in font cmr10!
Missing character: There is no © in font cmr10!
 [38]
Missing character: There is no Ã in font cmr10!
Missing character: There is no © in font cmr10!

Overfull \hbox (0.7786pt too wide) in paragraph at lines 9890--9910
\OT1/cmr/m/n/10 boorkop moorkop werkmap rouwkoop hamerkop meerkamp hu-urkoop br
ouwkuip
 []

Missing character: There is no Ã in font cmr10!
Missing character: There is no ¼ in font cmr10!

Overfull \hbox (10.52824pt too wide) in paragraph at lines 9930--9940
 \OT1/cmr/bx/n/10 489[] \OT1/cmr/m/n/10 werk-weg cork-age markegem zerkegem bre
ak-age wreck-age rck-gabe merkimago
 []

[39]
Missing character: There is no Ã in font cmr10!
Missing character: There is no ¼ in font cmr10!
Missing character: There is no Ã in font cmr10!
Missing character: There is no º in font cmr10!
 [40]
Missing character: There is no Ã in font cmr10!
Missing character: There is no ¼ in font cmr10!
Missing character: There is no Ã in font cmr10!
Missing character: There is no ­ in font cmr10!
Missing character: There is no Ã in font cmr10!
Missing character: There is no ¶ in font cmr10!
Missing character: There is no Ã in font cmr10!
Missing character: There is no Ÿ in font cmr10!
Missing character: There is no Ã in font cmr10!
Missing character: There is no º in font cmr10!
Missing character: There is no Ã in font cmr10!
Missing character: There is no ¶ in font cmr10!
 [41]
Missing character: There is no Ã in font cmr10!
Missing character: There is no ³ in font cmr10!

Overfull \hbox (1.69508pt too wide) in paragraph at lines 10773--10786
 \OT1/cmr/bx/n/10 529[] \OT1/cmr/m/n/10 af-tuig heftig footage fa-tigue heftige
 face-toog be-hoeftig chefe-tage be-hoeftige
 []

Missing character: There is no Ã in font cmr10!
Missing character: There is no ¤ in font cmr10!
Missing character: There is no Ã in font cmr10!
Missing character: There is no § in font cmr10!
[42]
Missing character: There is no Ã in font cmr10!
Missing character: There is no Ÿ in font cmr10!
Missing character: There is no Ã in font cmr10!
Missing character: There is no ¤ in font cmr10!
Missing character: There is no Ã in font cmr10!
Missing character: There is no © in font cmr10!
Missing character: There is no Ã in font cmr10!
Missing character: There is no œ in font cmr10!
Missing character: There is no Ã in font cmr10!
Missing character: There is no ª in font cmr10!
 [43]
Missing character: There is no Ã in font cmr10!
Missing character: There is no « in font cmr10!

Overfull \hbox (5.02835pt too wide) in paragraph at lines 11253--11273
 \OT1/cmr/bx/n/10 552[] \OT1/cmr/m/n/10 fuift fifty fifth ef-fete ef-fect buf-f
et af-fect af-fuit afzeeft off-beat buf-fetje afzweeft
 []

[44]
Missing character: There is no Ã in font cmr10!
Missing character: There is no ¶ in font cmr10!
 [45] [46]
Overfull \hbox (0.86179pt too wide) in paragraph at lines 12012--12032
 \OT1/cmr/bx/n/10 581[] \OT1/cmr/m/n/10 afkan faken afkon fuiken foeken af-bake
n afweken afkomen af-maken afhaken
 []

[47]
Missing character: There is no Ã in font cmr10!
Missing character: There is no © in font cmr10!
Missing character: There is no Ã in font cmr10!
Missing character: There is no – in font cmr10!
Missing character: There is no Ã in font cmr10!
Missing character: There is no ¼ in font cmr10!
Missing character: There is no Ã in font cmr10!
Missing character: There is no ¼ in font cmr10!

Overfull \hbox (16.38962pt too wide) in paragraph at lines 12309--12329
\OT1/cmr/m/n/10 gen af-ja-gen afza-gen af-gooien afjoe-gen afzuigen afgezien he
fwa-gen af-buigen afgewezen
 []

[48]
Missing character: There is no Ã in font cmr10!
Missing character: There is no Ÿ in font cmr10!
 [49]
Missing character: There is no Ã in font cmr10!
Missing character: There is no ¶ in font cmr10!
 [50]
Missing character: There is no Ã in font cmr10!
Missing character: There is no ¯ in font cmr10!
Missing character: There is no Ã in font cmr10!
Missing character: There is no ¯ in font cmr10!
 [51]
Overfull \hbox (9.38948pt too wide) in paragraph at lines 13172--13192
\OT1/cmr/m/n/10 schaadt scheidt samiz-dat sodomite schaduwt side-out se-duc-tie
 om-schudt huishoudt
 []


Overfull \hbox (9.47278pt too wide) in paragraph at lines 13192--13212
 \OT1/cmr/bx/n/10 633[] \OT1/cmr/m/n/10 soddy sided shoddy seeded sad-dam mis-d
id shaded mis-duid mis-daad smeedde
 []

Missing character: There is no Ã in font cmr10!
Missing character: There is no œ in font cmr10!
[52]
Missing character: There is no Ã in font cmr10!
Missing character: There is no ¤ in font cmr10!
Missing character: There is no Ã in font cmr10!
Missing character: There is no ¶ in font cmr10!

Overfull \hbox (10.75055pt too wide) in paragraph at lines 13623--13633
 \OT1/cmr/bx/n/10 653[] \OT1/cmr/m/n/10 seafood sufheid schaafde schoofde sub-h
oofd beschaafd shame-faced scheefheid
 []

Missing character: There is no Ã in font cmr10!
Missing character: There is no ³ in font cmr10!
[53] [54]
Missing character: There is no Ã in font cmr10!
Missing character: There is no ¯ in font cmr10!

Overfull \hbox (5.02834pt too wide) in paragraph at lines 14137--14149
 \OT1/cmr/bx/n/10 679[] \OT1/cmr/m/n/10 spog spoog spuug som-pig siepoog be-spu
ug spi-jzig som-pige seep-age schimpig
 []

Missing character: There is no Ã in font cmr10!
Missing character: There is no ¤ in font cmr10!
Missing character: There is no Ã in font cmr10!
Missing character: There is no « in font cmr10!
[55]
Missing character: There is no Ã in font cmr10!
Missing character: There is no « in font cmr10!
Missing character: There is no Ã in font cmr10!
Missing character: There is no © in font cmr10!
Missing character: There is no Ã in font cmr10!
Missing character: There is no ¯ in font cmr10!

Overfull \hbox (2.25061pt too wide) in paragraph at lines 14330--14347
 \OT1/cmr/bx/n/10 688[] \OT1/cmr/m/n/10 sakko sikke sikkim sikkema miskeek bisj
kek sky-jack shikoku sjekkie bishkek
 []

Missing character: There is no Ã in font cmr10!
Missing character: There is no º in font cmr10!
Missing character: There is no Ã in font cmr10!
Missing character: There is no ­ in font cmr10!
Missing character: There is no Ã in font cmr10!
Missing character: There is no ¯ in font cmr10!

Overfull \hbox (8.22281pt too wide) in paragraph at lines 14404--14423
\OT1/cmr/m/n/10 miszegde be-sieged mis-guide mishaagde bosge-bied mis-ge-waad s
queegeed smeugheid
 []

Missing character: There is no Ã in font cmr10!
Missing character: There is no ­ in font cmr10!
[56] [57]
Overfull \hbox (2.77835pt too wide) in paragraph at lines 14860--14880
\OT1/cmr/m/n/10 pincher penurie epe-naar pi-o-nier pi-o-neer eu-pener op-ne-mer
 peinzer pe-narie phonier 
 []

Missing character: There is no Ã in font cmr10!
Missing character: There is no ­ in font cmr10!
[58]
Overfull \hbox (12.50075pt too wide) in paragraph at lines 15084--15104
\OT1/cmr/m/n/10 pho-toed pothoed ex-cepted com-puted ex-pi-ated ex-pected ex-em
pted bap-tized paaitijd
 []

Missing character: There is no Ã in font cmr10!
Missing character: There is no ¡ in font cmr10!
Missing character: There is no Ã in font cmr10!
Missing character: There is no « in font cmr10!
Missing character: There is no Ã in font cmr10!
Missing character: There is no ¶ in font cmr10!
[59]
Missing character: There is no Ã in font cmr10!
Missing character: There is no « in font cmr10!
Missing character: There is no Ã in font cmr10!
Missing character: There is no « in font cmr10!
Missing character: There is no Ã in font cmr10!
Missing character: There is no œ in font cmr10!
Missing character: There is no Ã in font cmr10!
Missing character: There is no « in font cmr10!
 [60]
Overfull \hbox (7.55615pt too wide) in paragraph at lines 15706--15726
 \OT1/cmr/bx/n/10 749[] \OT1/cmr/m/n/10 prig porgy purge praag op-berg prague p
irogi op-borg peer-age pri-jzig pregame
 []

[61]
Missing character: There is no Ã in font cmr10!
Missing character: There is no ¯ in font cmr10!
 [62]
Missing character: There is no Ã in font cmr10!
Missing character: There is no ­ in font cmr10!
Missing character: There is no Ã in font cmr10!
Missing character: There is no © in font cmr10!
 [63]
Overfull \hbox (1.69513pt too wide) in paragraph at lines 16265--16285
 \OT1/cmr/bx/n/10 773[] \OT1/cmr/m/n/10 upped piped bopped yapped pooped hipped
 capped copped hopped yipped
 []


Overfull \hbox (19.19505pt too wide) in paragraph at lines 16399--16409
 \OT1/cmr/bx/n/10 780[] \OT1/cmr/m/n/10 pekel pikol op-klim pekela pickle op-kl
om apekool pakezel puikjuweel pikhouweel 
 []


Overfull \hbox (18.61195pt too wide) in paragraph at lines 16409--16429
\OT1/cmr/m/n/10 kin op-maken op-komen poke-mon op-kwa-men op-kooien op-zoeken o
p-kam-men pakhuizen
 []

[64]
Missing character: There is no Ã in font cmr10!
Missing character: There is no ¼ in font cmr10!
Missing character: There is no Ã in font cmr10!
Missing character: There is no « in font cmr10!
Missing character: There is no Ã in font cmr10!
Missing character: There is no © in font cmr10!

Overfull \hbox (4.72292pt too wide) in paragraph at lines 16668--16688
\OT1/cmr/m/n/10 op-weegt opzuigt op-jaagt peu-geot opge-jut pa-gaait phago-cyte
 opge-zocht opgewacht
 []

[65] [66]
Missing character: There is no Ã in font cmr10!
Missing character: There is no « in font cmr10!
Missing character: There is no Ã in font cmr10!
Missing character: There is no ­ in font cmr10!
 [67]
Overfull \hbox (1.3896pt too wide) in paragraph at lines 17382--17399
\OT1/cmr/m/n/10 zoek-tijd hack-i-tude zwak-te-bod ziek-tebed be-zoek-tijd jack-
booted check-mated zoek-
 []

Missing character: There is no Ã in font cmr10!
Missing character: There is no © in font cmr10!
[68]
Missing character: There is no Ã in font cmr10!
Missing character: There is no « in font cmr10!

Overfull \hbox (20.27853pt too wide) in paragraph at lines 17546--17566
\OT1/cmr/m/n/10 kiem-den kauw-den kadeen kiemzaden koe-huiden zwakhe-den bek-wa
am-den boekhouden
 []


Overfull \hbox (7.13956pt too wide) in paragraph at lines 17590--17607
\OT1/cmr/m/n/10 kade-muur wickeder back-door weekdier bekaaider boekhouder ko-d
achrome muziek-
 []

Missing character: There is no Ã in font cmr10!
Missing character: There is no œ in font cmr10!

Overfull \hbox (1.8895pt too wide) in paragraph at lines 17647--17667
\OT1/cmr/m/n/10 dos kodizes kudzu's koud-jes koe-does mikado's week-days cock-a
des jack-daws kome-
 []

[69]
Missing character: There is no Ã in font cmr10!
Missing character: There is no ¶ in font cmr10!
 [70]
Missing character: There is no Ã in font cmr10!
Missing character: There is no © in font cmr10!
 [71]
Missing character: There is no Ã in font cmr10!
Missing character: There is no ¡ in font cmr10!
Missing character: There is no Ã in font cmr10!
Missing character: There is no ­ in font cmr10!
 [72]
Overfull \hbox (24.1952pt too wide) in paragraph at lines 18495--18504
 \OT1/cmr/bx/n/10 873[] \OT1/cmr/m/n/10 kpd key-pad kuip-bad kopz-i-jde wikiped
ia koop-woede muziekpo-dia muziekpodium
 []

Missing character: There is no Ã in font cmr10!
Missing character: There is no ¶ in font cmr10!

Overfull \hbox (10.58406pt too wide) in paragraph at lines 18706--18716
 \OT1/cmr/bx/n/10 883[] \OT1/cmr/m/n/10 akkad kicked yukked yakked kayaked kwee
kbed hokkaido kak-madam kwikox-
 []

[73]
Missing character: There is no Ã in font cmr10!
Missing character: There is no – in font cmr10!

Overfull \hbox (0.30612pt too wide) in paragraph at lines 18892--18899
 \OT1/cmr/bx/n/10 893[] \OT1/cmr/m/n/10 kei-goed kei-goede buikge-bied hoekighe
id zoekge-bied kwaai-igheid muziekge-
 []

[74] [75]
Missing character: There is no Ã in font cmr10!
Missing character: There is no ¼ in font cmr10!
Missing character: There is no Ã in font cmr10!
Missing character: There is no ¯ in font cmr10!
 [76]
Missing character: There is no Ã in font cmr10!
Missing character: There is no « in font cmr10!
 [77]
Missing character: There is no Ã in font cmr10!
Missing character: There is no « in font cmr10!
Missing character: There is no Ã in font cmr10!
Missing character: There is no œ in font cmr10!
 [78] [79]
Missing character: There is no Ã in font cmr10!
Missing character: There is no ¶ in font cmr10!
Missing character: There is no Ã in font cmr10!
Missing character: There is no ¨ in font cmr10!
Missing character: There is no Ã in font cmr10!
Missing character: There is no ­ in font cmr10!
 [80]
Missing character: There is no Ã in font cmr10!
Missing character: There is no ­ in font cmr10!

Overfull \hbox (38.02837pt too wide) in paragraph at lines 20532--20541
 \OT1/cmr/bx/n/10 967[] \OT1/cmr/m/n/10 gisp gasp gesp maagsap wegschop geschim
p maagschap go-mae-spuma megabioscoop 
 []


Overfull \hbox (12.2507pt too wide) in paragraph at lines 20629--20639
 \OT1/cmr/bx/n/10 973[] \OT1/cmr/m/n/10 gaped gaw-ped gimped gamepad jaag-pad g
epaaid gepooid gepuimd gazumped
 []

[81] [82]
Missing character: There is no Ã in font cmr10!
Missing character: There is no – in font cmr10!

Overfull \hbox (5.834pt too wide) in paragraph at lines 21065--21085
\OT1/cmr/m/n/10 mag-goty muggetje weggetje heggetje wiggetje weg-jaagt biggetje
 gi-ga-byte wegzuigt
 []

[83]
Missing character: There is no Ã in font cmr10!
Missing character: There is no Ÿ in font cmr10!

Overfull \hbox (6.61166pt too wide) in paragraph at lines 21351--21368
 \OT1/cmr/bx/n/10 1001[] \OT1/cmr/m/n/10 nullen nellen nollen nul-lijn na-holle
n in-bellen aan-bellen aan-hollen manilleen
 []


Overfull \hbox (0.27829pt too wide) in paragraph at lines 21351--21368
\OT1/cmr/m/n/10 aanzwellen wi-jn-ballen been-cellen aanz-wollen ajuin-bollen ze
nuw-cellen einzel-lizenz
 []

[84]
Missing character: There is no Ã in font cmr10!
Missing character: There is no « in font cmr10!
Missing character: There is no Ã in font cmr10!
Missing character: There is no ¯ in font cmr10!
 [85]
Missing character: There is no Ã in font cmr10!
Missing character: There is no ­ in font cmr10!
Missing character: There is no Ã in font cmr10!
Missing character: There is no ¶ in font cmr10!

Overfull \hbox (5.77829pt too wide) in paragraph at lines 21798--21818
 \OT1/cmr/bx/n/10 1021[] \OT1/cmr/m/n/10 nolten nalaten in-laten in-loten nalie
ten in-li-eten in-lauten in-lichten analecten
 []

[86]
Missing character: There is no Ã in font cmr10!
Missing character: There is no Ÿ in font cmr10!
 [87]
Missing character: There is no Ã in font cmr10!
Missing character: There is no œ in font cmr10!
 [88]
Overfull \hbox (1.3339pt too wide) in paragraph at lines 22259--22270
 \OT1/cmr/bx/n/10 1039[] \OT1/cmr/m/n/10 on-ledig zin-ledig in-huldig on-ledige
 zin-ledige in-haaldag een-bladig on-bloedig
 []

Missing character: There is no Ã in font cmr10!
Missing character: There is no « in font cmr10!
[89]
Missing character: There is no Ã in font cmr10!
Missing character: There is no ¤ in font cmr10!
Missing character: There is no Ã in font cmr10!
Missing character: There is no ¶ in font cmr10!
Missing character: There is no Ã in font cmr10!
Missing character: There is no ¤ in font cmr10!
 [90] [91]
Overfull \hbox (5.33383pt too wide) in paragraph at lines 22978--22988
 \OT1/cmr/bx/n/10 1063[] \OT1/cmr/m/n/10 in-luisde un-loosed en-closed un-leash
ed un-blem-ished on-heils-bode zin-loosheid
 []

Missing character: There is no Ã in font cmr10!
Missing character: There is no ­ in font cmr10!
Missing character: There is no Ã in font cmr10!
Missing character: There is no ¡ in font cmr10!
[92] [93]
Missing character: There is no Ã in font cmr10!
Missing character: There is no ¶ in font cmr10!
 [94]
Overfull \hbox (11.72273pt too wide) in paragraph at lines 23568--23581
 \OT1/cmr/bx/n/10 1086[] \OT1/cmr/m/n/10 nulkes un-locks un-blocks un-cloaks me
ne-lik's moon-walks ban-blik-sem nauweli-
 []

Missing character: There is no Ã in font cmr10!
Missing character: There is no – in font cmr10!
[95]
Missing character: There is no Ã in font cmr10!
Missing character: There is no « in font cmr10!
 [96]
Overfull \hbox (0.50061pt too wide) in paragraph at lines 23927--23943
 \OT1/cmr/bx/n/10 1100[] \OT1/cmr/m/n/10 min-nelli an-nu-ally con-nolly nom-i-n
ally mc-connell annabelle o'connell bian-
 []

Missing character: There is no Ã in font cmr10!
Missing character: There is no ¼ in font cmr10!

Overfull \hbox (8.83385pt too wide) in paragraph at lines 23955--23962
 \OT1/cmr/bx/n/10 1102[] \OT1/cmr/m/n/10 an-nelot neon-licht an-ni-hi-late zon-
nelicht an-ni-hi-latie bh-nen-leute ben-zinelucht 
 []


Overfull \hbox (12.1116pt too wide) in paragraph at lines 24035--24055
 \OT1/cmr/bx/n/10 1106[] \OT1/cmr/m/n/10 an-nals an-nuls an-neals an-nu-als on-
nozels chan-nels an-nual's en-no-bles annabels
 []

[97]
Missing character: There is no Ã in font cmr10!
Missing character: There is no « in font cmr10!
Missing character: There is no Ã in font cmr10!
Missing character: There is no ¨ in font cmr10!
Missing character: There is no Ã in font cmr10!
Missing character: There is no ­ in font cmr10!
 [98]
Missing character: There is no Ã in font cmr10!
Missing character: There is no ¯ in font cmr10!
Missing character: There is no Ã in font cmr10!
Missing character: There is no ¼ in font cmr10!
Missing character: There is no Ã in font cmr10!
Missing character: There is no ¼ in font cmr10!
 [99]
Missing character: There is no Ã in font cmr10!
Missing character: There is no ¯ in font cmr10!

Overfull \hbox (15.50061pt too wide) in paragraph at lines 24705--24712
 \OT1/cmr/bx/n/10 1133[] \OT1/cmr/m/n/10 un-handed un-needed inanidad nond-edju
 un-bounded aan-wendde zon-nebaadde 
 []

[100]
Missing character: There is no Ã in font cmr10!
Missing character: There is no œ in font cmr10!

Overfull \hbox (17.44514pt too wide) in paragraph at lines 24872--24887
 \OT1/cmr/bx/n/10 1139[] \OT1/cmr/m/n/10 onn-odig on-mondig in-wendig onn-odige
 oneindig onondaga on-handig zonnedag
 []

Missing character: There is no Ã in font cmr10!
Missing character: There is no « in font cmr10!

Overfull \hbox (7.6673pt too wide) in paragraph at lines 24887--24899
\OT1/cmr/m/n/10 raciaal neon-reclame ein-wohn-erzahl un-con-quer-able non-com-m
er-cial non-commercile 
 []


Overfull \hbox (20.19507pt too wide) in paragraph at lines 24899--24915
\OT1/cmr/m/n/10 an-nex-eren un-con-cern zon-ne-jaren min-nar-i-jen haneneieren 
ba-nen-beurzen zwaneneieren
 []


Overfull \hbox (5.41719pt too wide) in paragraph at lines 24933--24949
 \OT1/cmr/bx/n/10 1143[] \OT1/cmr/m/n/10 min-naard zon-nerad man-nered ona-neer
de canon-bord un-in-jured nu-anceerde
 []

[101]
Missing character: There is no Ã in font cmr10!
Missing character: There is no ¤ in font cmr10!
 [102] [103]
Overfull \hbox (0.55612pt too wide) in paragraph at lines 25540--25549
 \OT1/cmr/bx/n/10 1160[] \OT1/cmr/m/n/10 non-sex-ual aan-wensel nonso-cial man-
nishly bo-nen-schil anony-mously unan-
 []

Missing character: There is no Ã in font cmr10!
Missing character: There is no ¨ in font cmr10!

Overfull \hbox (12.83371pt too wide) in paragraph at lines 25549--25561
 \OT1/cmr/bx/n/10 1161[] \OT1/cmr/m/n/10 nansen on-mensen han-nesen wennschon w
oon-wensen zon-neschijn hineinzuse-
 []


Overfull \hbox (17.22281pt too wide) in paragraph at lines 25549--25561
\OT1/cmr/m/n/10 hen waanzin-scne aan-neem-som-men nieuwen-huy-sen hineinzuwach-
sen hineinzuschauen 
 []

[104]
Missing character: There is no Ã in font cmr10!
Missing character: There is no ­ in font cmr10!
Missing character: There is no Ã in font cmr10!
Missing character: There is no ¼ in font cmr10!
 [105] [106]
Missing character: There is no Ã in font cmr10!
Missing character: There is no ¶ in font cmr10!

Overfull \hbox (35.83421pt too wide) in paragraph at lines 26234--26248
\OT1/cmr/m/n/10 aan-hinken min-nekozen ha-nenkam-men min-i-mu-minkomen com-mu-n
iebanken hineinzukom-
 []

[107]
Missing character: There is no Ã in font cmr10!
Missing character: There is no – in font cmr10!
 [108]
Missing character: There is no Ã in font cmr10!
Missing character: There is no º in font cmr10!

Overfull \hbox (2.50063pt too wide) in paragraph at lines 26514--26528
\OT1/cmr/m/n/10 in-nege-habt hon-ing-zoete aa-neengezet won-ing-bezit aa-neenge
-hecht won-ing-wet-bouw
 []


Overfull \hbox (1.83403pt too wide) in paragraph at lines 26596--26616
\OT1/cmr/m/n/10 awning's an-nig-jes un-hinges nonage's be-un-ings meninges min-
ing's jen-nig-jes mean-
 []

[109]
Missing character: There is no Ã in font cmr10!
Missing character: There is no ­ in font cmr10!

Overfull \hbox (1.88933pt too wide) in paragraph at lines 26775--26795
 \OT1/cmr/bx/n/10 1202[] \OT1/cmr/m/n/10 netelt natelt ontzilt nothalt on-twelt
 notelet aan-telt wen-telt on-thult ontliet
 []

Missing character: There is no Ã in font cmr10!
Missing character: There is no « in font cmr10!
Missing character: There is no Ã in font cmr10!
Missing character: There is no ¶ in font cmr10!
[110]
Missing character: There is no Ã in font cmr10!
Missing character: There is no ­ in font cmr10!
 [111]
Missing character: There is no Ã in font cmr10!
Missing character: There is no ¼ in font cmr10!
Missing character: There is no Ã in font cmr10!
Missing character: There is no ¤ in font cmr10!
Missing character: There is no Ã in font cmr10!
Missing character: There is no ¤ in font cmr10!
Missing character: There is no Ã in font cmr10!
Missing character: There is no ¯ in font cmr10!
 [112]
Overfull \hbox (1.66737pt too wide) in paragraph at lines 27430--27450
\OT1/cmr/m/n/10 thouden ont-dooien on-twi-j-den in-toom-den count-down nathoude
n ontzei-den zoneti-
 []


Overfull \hbox (7.63931pt too wide) in paragraph at lines 27505--27515
 \OT1/cmr/bx/n/10 1234[] \OT1/cmr/m/n/10 en-tweder un-ti-dier nacht-dier inzetd
uur on-thouder in-timideer niet-duurzame
 []

[113]
Missing character: There is no Ã in font cmr10!
Missing character: There is no œ in font cmr10!
Missing character: There is no Ã in font cmr10!
Missing character: There is no ¯ in font cmr10!

Overfull \hbox (6.77849pt too wide) in paragraph at lines 27556--27574
\OT1/cmr/m/n/10 anti-joods ne-ma-tode's niet-joods anti-joodse niet-joodse in-q
ui-etude's niet-medisch
 []

[114]
Missing character: There is no Ã in font cmr10!
Missing character: There is no ¼ in font cmr10!
Missing character: There is no Ã in font cmr10!
Missing character: There is no © in font cmr10!
 [115]
Missing character: There is no Ã in font cmr10!
Missing character: There is no © in font cmr10!
 [116]
Missing character: There is no Ã in font cmr10!
Missing character: There is no ¨ in font cmr10!

Overfull \hbox (16.7226pt too wide) in paragraph at lines 28197--28204
 \OT1/cmr/bx/n/10 1263[] \OT1/cmr/m/n/10 netbsd con-tused en-thused ontschoeid 
ontschoeide nachtschade ba-jonetschede 
 []

Missing character: There is no Ã in font cmr10!
Missing character: There is no ­ in font cmr10!
Missing character: There is no Ã in font cmr10!
Missing character: There is no © in font cmr10!
[117]
Missing character: There is no Ã in font cmr10!
Missing character: There is no « in font cmr10!
 [118] [119]
Missing character: There is no Ã in font cmr10!
Missing character: There is no – in font cmr10!
 [120]
Missing character: There is no Ã in font cmr10!
Missing character: There is no ¡ in font cmr10!
 [121]
Overfull \hbox (16.05614pt too wide) in paragraph at lines 29280--29300
 \OT1/cmr/bx/n/10 1303[] \OT1/cmr/m/n/10 noo-dled ban-dlid han-dled bun-dled ne
e-dled eindlid can-dled ben-delid mendelde
 []


Overfull \hbox (8.27841pt too wide) in paragraph at lines 29380--29387
 \OT1/cmr/bx/n/10 1307[] \OT1/cmr/m/n/10 wand-lamp nood-hulp nood-loop mond-lap
je wand-lam-pje wan-del-pauze aman-
 []


Overfull \hbox (23.00061pt too wide) in paragraph at lines 29387--29403
 \OT1/cmr/bx/n/10 1308[] \OT1/cmr/m/n/10 wind-lak nood-luik ein-delijk zin-deli
jk een-delijk ein-deli-jke wan-del-week onzedelijk
 []

[122]
Overfull \hbox (19.1116pt too wide) in paragraph at lines 29466--29486
 \OT1/cmr/bx/n/10 1313[] \OT1/cmr/m/n/10 bindend wen-dend in-di-ende zen-dende 
wind-hond wen-dende con-doned bindende
 []

Missing character: There is no Ã in font cmr10!
Missing character: There is no ­ in font cmr10!
[123]
Overfull \hbox (2.16734pt too wide) in paragraph at lines 29624--29644
 \OT1/cmr/bx/n/10 1319[] \OT1/cmr/m/n/10 end-ing ond-ing bend-ing un-do-ing min
d-ing mend-ing bind-ing mond-ing band-
 []

Missing character: There is no Ã in font cmr10!
Missing character: There is no « in font cmr10!
Missing character: There is no Ã in font cmr10!
Missing character: There is no ¼ in font cmr10!
[124]
Overfull \hbox (22.16734pt too wide) in paragraph at lines 29906--29915
 \OT1/cmr/bx/n/10 1333[] \OT1/cmr/m/n/10 nod-ded mond-dode mond-dood aan-duidde
 un-de-cided men-daci-dad maandwedde
 []

Missing character: There is no Ã in font cmr10!
Missing character: There is no © in font cmr10!
Missing character: There is no Ã in font cmr10!
Missing character: There is no œ in font cmr10!
Missing character: There is no Ã in font cmr10!
Missing character: There is no ­ in font cmr10!
Missing character: There is no Ã in font cmr10!
Missing character: There is no ­ in font cmr10!
[125]
Overfull \hbox (2.83377pt too wide) in paragraph at lines 30181--30201
 \OT1/cmr/bx/n/10 1344[] \OT1/cmr/m/n/10 an-dorra un-der-arm wan-derer on-der-a
rm niederer win-droer on-der-berm won-
 []


Overfull \hbox (9.11188pt too wide) in paragraph at lines 30201--30221
\OT1/cmr/m/n/10 derchef wind-brief wi-jn-druif zend-brief oben-drauf maand-brie
f hoen-der-hof wanbedrijf
 []

[126]
Overfull \hbox (12.41727pt too wide) in paragraph at lines 30275--30295
 \OT1/cmr/bx/n/10 1349[] \OT1/cmr/m/n/10 han-drug on-dereg on-derga zan-drug in
-droeg nadroeg ned-erig in-droog nadraag
 []

Missing character: There is no Ã in font cmr10!
Missing character: There is no ¤ in font cmr10!
Missing character: There is no Ã in font cmr10!
Missing character: There is no ¤ in font cmr10!

Overfull \hbox (1.50064pt too wide) in paragraph at lines 30427--30435
 \OT1/cmr/bx/n/10 1354[] \OT1/cmr/m/n/10 eind-ci-jfer on-doof-bare on-doof-baar
 mondfhre maand-ci-jfer in-dex-ci-jfer hand-
 []

[127]
Overfull \hbox (9.50056pt too wide) in paragraph at lines 30626--30644
 \OT1/cmr/bx/n/10 1360[] \OT1/cmr/m/n/10 bind-sel bind-sla wind-sel hands-bal o
mwind-sel hand-somely nood-school mond-
 []

[128]
Missing character: There is no Ã in font cmr10!
Missing character: There is no ¨ in font cmr10!
Missing character: There is no Ã in font cmr10!
Missing character: There is no ­ in font cmr10!
Missing character: There is no Ã in font cmr10!
Missing character: There is no © in font cmr10!
 [129] [130]
Overfull \hbox (5.2786pt too wide) in paragraph at lines 31048--31065
\OT1/cmr/m/n/10 duiken wond-haken bandi-jken aandi-jken noodza-ken wind-haken h
and-boeken mond-
 []

[131]
Missing character: There is no Ã in font cmr10!
Missing character: There is no « in font cmr10!

Overfull \hbox (11.94527pt too wide) in paragraph at lines 31344--31364
\OT1/cmr/m/n/10 goed hin-doe-god ben-odigde be-zondigd un-dam-aged wondge-bied 
mondge-bied noodge-
 []

[132] [133] [134]
Missing character: There is no Ã in font cmr10!
Missing character: There is no « in font cmr10!

Overfull \hbox (26.08379pt too wide) in paragraph at lines 31910--31916
 \OT1/cmr/bx/n/10 1414[] \OT1/cmr/m/n/10 on-reiner in-car-neer necro-mancer jan
-uar-inum-mer on-waarneem-bare on-waarneem-
 []

Missing character: There is no Ã in font cmr10!
Missing character: There is no ­ in font cmr10!

Overfull \hbox (11.30617pt too wide) in paragraph at lines 32056--32076
\OT1/cmr/m/n/10 tain con-certina con-certino nu-mer-a-tion aan-richten aan-rech
ten con-cre-tion in-brachten
 []

[135]
Missing character: There is no Ã in font cmr10!
Missing character: There is no « in font cmr10!
Missing character: There is no Ã in font cmr10!
Missing character: There is no « in font cmr10!
Missing character: There is no Ã in font cmr10!
Missing character: There is no ¤ in font cmr10!
Missing character: There is no Ã in font cmr10!
Missing character: There is no « in font cmr10!
 [136]
Missing character: There is no Ã in font cmr10!
Missing character: There is no ¤ in font cmr10!
Missing character: There is no Ã in font cmr10!
Missing character: There is no œ in font cmr10!
 [137]
Overfull \hbox (0.88931pt too wide) in paragraph at lines 32538--32549
 \OT1/cmr/bx/n/10 1441[] \OT1/cmr/m/n/10 nar-ren nor-ren normeren hon-or-eren a
an-roeren neer-haren aan-raz-eren mini-
 []

Missing character: There is no Ã in font cmr10!
Missing character: There is no ¨ in font cmr10!

Overfull \hbox (0.88943pt too wide) in paragraph at lines 32669--32689
\OT1/cmr/m/n/10 en-quir-ers in-jurer's con-jur-ers jan-broers hon-orer's can-be
rra's con-jurer's con-querors
 []

[138] [139] [140]
Overfull \hbox (0.80602pt too wide) in paragraph at lines 33139--33146
 \OT1/cmr/bx/n/10 1460[] \OT1/cmr/m/n/10 neer-sla oner-ously neersabel enor-mou
sly nu-mer-ously un-crush-able na-jaars-
 []


Overfull \hbox (5.88927pt too wide) in paragraph at lines 33176--33190
 \OT1/cmr/bx/n/10 1463[] \OT1/cmr/m/n/10 nursed un-horsed near-side nareisde no
r-sheid on-bereisd nurse-maid in-creased
 []

Missing character: There is no Ã in font cmr10!
Missing character: There is no ­ in font cmr10!
[141] [142]
Overfull \hbox (2.44508pt too wide) in paragraph at lines 33712--33732
\OT1/cmr/m/n/10 aan-raken in-braken nareiken in-werken aan-reiken aan-merken aa
n-breken woonarken
 []

[143]
Missing character: There is no Ã in font cmr10!
Missing character: There is no – in font cmr10!
 [144]
Missing character: There is no Ã in font cmr10!
Missing character: There is no « in font cmr10!

Overfull \hbox (0.97267pt too wide) in paragraph at lines 34032--34042
 \OT1/cmr/bx/n/10 1493[] \OT1/cmr/m/n/10 en-raged en-er-gized on-be-zorgd nar-i
gheid un-charged neer-gooide on-be-zorgde
 []


Overfull \hbox (1.66707pt too wide) in paragraph at lines 34042--34051
 \OT1/cmr/bx/n/10 1494[] \OT1/cmr/m/n/10 in-burger en-er-gizer en-ergiearm na-m
urge-ber wi-jn-berger en-ergiearme maan-
 []

Missing character: There is no Ã in font cmr10!
Missing character: There is no « in font cmr10!
Missing character: There is no Ã in font cmr10!
Missing character: There is no ¯ in font cmr10!

Overfull \hbox (16.47278pt too wide) in paragraph at lines 34089--34105
\OT1/cmr/m/n/10 ages anor-gas-mie wein-berg's an-chor-ages con-cirges an-chor-a
ge's nicaragua's concierge's
 []

[145]
Missing character: There is no Ã in font cmr10!
Missing character: There is no ­ in font cmr10!
Missing character: There is no Ã in font cmr10!
Missing character: There is no ­ in font cmr10!
Missing character: There is no Ã in font cmr10!
Missing character: There is no ­ in font cmr10!
 [146]
Missing character: There is no Ã in font cmr10!
Missing character: There is no ­ in font cmr10!
Missing character: There is no Ã in font cmr10!
Missing character: There is no ­ in font cmr10!
Missing character: There is no Ã in font cmr10!
Missing character: There is no ­ in font cmr10!
Missing character: There is no Ã in font cmr10!
Missing character: There is no ­ in font cmr10!
Missing character: There is no Ã in font cmr10!
Missing character: There is no ­ in font cmr10!
 [147]
Missing character: There is no Ã in font cmr10!
Missing character: There is no ­ in font cmr10!
Missing character: There is no Ã in font cmr10!
Missing character: There is no ­ in font cmr10!
Missing character: There is no Ã in font cmr10!
Missing character: There is no ­ in font cmr10!
Missing character: There is no Ã in font cmr10!
Missing character: There is no ¡ in font cmr10!
Missing character: There is no Ã in font cmr10!
Missing character: There is no ­ in font cmr10!
Missing character: There is no Ã in font cmr10!
Missing character: There is no ­ in font cmr10!
Missing character: There is no Ã in font cmr10!
Missing character: There is no ­ in font cmr10!
 [148]
Missing character: There is no Ã in font cmr10!
Missing character: There is no ­ in font cmr10!
Missing character: There is no Ã in font cmr10!
Missing character: There is no ­ in font cmr10!
Missing character: There is no Ã in font cmr10!
Missing character: There is no ­ in font cmr10!
Missing character: There is no Ã in font cmr10!
Missing character: There is no ­ in font cmr10!
 [149]
Missing character: There is no Ã in font cmr10!
Missing character: There is no ­ in font cmr10!
Missing character: There is no Ã in font cmr10!
Missing character: There is no ­ in font cmr10!
Missing character: There is no Ã in font cmr10!
Missing character: There is no ­ in font cmr10!
Missing character: There is no Ã in font cmr10!
Missing character: There is no ­ in font cmr10!
Missing character: There is no Ã in font cmr10!
Missing character: There is no ­ in font cmr10!
Missing character: There is no Ã in font cmr10!
Missing character: There is no ­ in font cmr10!
 [150]
Missing character: There is no Ã in font cmr10!
Missing character: There is no ­ in font cmr10!
Missing character: There is no Ã in font cmr10!
Missing character: There is no ­ in font cmr10!
Missing character: There is no Ã in font cmr10!
Missing character: There is no © in font cmr10!
Missing character: There is no Ã in font cmr10!
Missing character: There is no ­ in font cmr10!
Missing character: There is no Ã in font cmr10!
Missing character: There is no œ in font cmr10!
Missing character: There is no Ã in font cmr10!
Missing character: There is no ­ in font cmr10!
Missing character: There is no Ã in font cmr10!
Missing character: There is no ­ in font cmr10!
 [151]
Missing character: There is no Ã in font cmr10!
Missing character: There is no ­ in font cmr10!
Missing character: There is no Ã in font cmr10!
Missing character: There is no ­ in font cmr10!

Overfull \hbox (0.72287pt too wide) in paragraph at lines 35580--35590
 \OT1/cmr/bx/n/10 1540[] \OT1/cmr/m/n/10 un-furl in-for-mal un-fairly in-formee
l uni-formly in-formele in-for-mule in-fomer-
 []

Missing character: There is no Ã in font cmr10!
Missing character: There is no ¨ in font cmr10!
Missing character: There is no Ã in font cmr10!
Missing character: There is no © in font cmr10!
Missing character: There is no Ã in font cmr10!
Missing character: There is no ¼ in font cmr10!

Overfull \hbox (4.0562pt too wide) in paragraph at lines 35642--35662
\OT1/cmr/m/n/10 con-frre con-former uni-former in-ferieur uni-formere con-firme
er in-ferieure uni-formeer
 []

Missing character: There is no Ã in font cmr10!
Missing character: There is no ­ in font cmr10!
[152]
Missing character: There is no Ã in font cmr10!
Missing character: There is no ­ in font cmr10!
Missing character: There is no Ã in font cmr10!
Missing character: There is no ­ in font cmr10!
Missing character: There is no Ã in font cmr10!
Missing character: There is no ­ in font cmr10!
Missing character: There is no Ã in font cmr10!
Missing character: There is no « in font cmr10!
Missing character: There is no Ã in font cmr10!
Missing character: There is no « in font cmr10!
Missing character: There is no Ã in font cmr10!
Missing character: There is no ­ in font cmr10!
 [153]
Missing character: There is no Ã in font cmr10!
Missing character: There is no ­ in font cmr10!
Missing character: There is no Ã in font cmr10!
Missing character: There is no ¯ in font cmr10!
Missing character: There is no Ã in font cmr10!
Missing character: There is no ­ in font cmr10!
Missing character: There is no Ã in font cmr10!
Missing character: There is no ­ in font cmr10!
Missing character: There is no Ã in font cmr10!
Missing character: There is no ­ in font cmr10!
Missing character: There is no Ã in font cmr10!
Missing character: There is no ­ in font cmr10!
Missing character: There is no Ã in font cmr10!
Missing character: There is no ­ in font cmr10!
 [154]
Missing character: There is no Ã in font cmr10!
Missing character: There is no ­ in font cmr10!
Missing character: There is no Ã in font cmr10!
Missing character: There is no ¯ in font cmr10!
Missing character: There is no Ã in font cmr10!
Missing character: There is no ­ in font cmr10!
Missing character: There is no Ã in font cmr10!
Missing character: There is no ­ in font cmr10!
Missing character: There is no Ã in font cmr10!
Missing character: There is no ­ in font cmr10!
Missing character: There is no Ã in font cmr10!
Missing character: There is no © in font cmr10!
Missing character: There is no Ã in font cmr10!
Missing character: There is no ­ in font cmr10!
 [155]
Missing character: There is no Ã in font cmr10!
Missing character: There is no ­ in font cmr10!
Missing character: There is no Ã in font cmr10!
Missing character: There is no ­ in font cmr10!
Missing character: There is no Ã in font cmr10!
Missing character: There is no ­ in font cmr10!
Missing character: There is no Ã in font cmr10!
Missing character: There is no ­ in font cmr10!
Missing character: There is no Ã in font cmr10!
Missing character: There is no ­ in font cmr10!
 [156]
Missing character: There is no Ã in font cmr10!
Missing character: There is no ­ in font cmr10!
Missing character: There is no Ã in font cmr10!
Missing character: There is no ­ in font cmr10!
Missing character: There is no Ã in font cmr10!
Missing character: There is no ­ in font cmr10!
Missing character: There is no Ã in font cmr10!
Missing character: There is no ­ in font cmr10!
Missing character: There is no Ã in font cmr10!
Missing character: There is no ­ in font cmr10!
Missing character: There is no Ã in font cmr10!
Missing character: There is no ­ in font cmr10!
 [157]
Missing character: There is no Ã in font cmr10!
Missing character: There is no ­ in font cmr10!
Missing character: There is no Ã in font cmr10!
Missing character: There is no ­ in font cmr10!
Missing character: There is no Ã in font cmr10!
Missing character: There is no ­ in font cmr10!
Missing character: There is no Ã in font cmr10!
Missing character: There is no ­ in font cmr10!
Missing character: There is no Ã in font cmr10!
Missing character: There is no ­ in font cmr10!
 [158]
Missing character: There is no Ã in font cmr10!
Missing character: There is no ­ in font cmr10!
Missing character: There is no Ã in font cmr10!
Missing character: There is no ­ in font cmr10!
Missing character: There is no Ã in font cmr10!
Missing character: There is no ­ in font cmr10!
Missing character: There is no Ã in font cmr10!
Missing character: There is no ­ in font cmr10!
Missing character: There is no Ã in font cmr10!
Missing character: There is no – in font cmr10!
Missing character: There is no Ã in font cmr10!
Missing character: There is no ­ in font cmr10!
 [159]
Missing character: There is no Ã in font cmr10!
Missing character: There is no ­ in font cmr10!
Missing character: There is no Ã in font cmr10!
Missing character: There is no ­ in font cmr10!
Missing character: There is no Ã in font cmr10!
Missing character: There is no ¼ in font cmr10!
Missing character: There is no Ã in font cmr10!
Missing character: There is no ­ in font cmr10!
Missing character: There is no Ã in font cmr10!
Missing character: There is no ­ in font cmr10!
Missing character: There is no Ã in font cmr10!
Missing character: There is no ­ in font cmr10!
Missing character: There is no Ã in font cmr10!
Missing character: There is no ­ in font cmr10!
 [160]
Missing character: There is no Ã in font cmr10!
Missing character: There is no ­ in font cmr10!
Missing character: There is no Ã in font cmr10!
Missing character: There is no ­ in font cmr10!
Missing character: There is no Ã in font cmr10!
Missing character: There is no ­ in font cmr10!
Missing character: There is no Ã in font cmr10!
Missing character: There is no ­ in font cmr10!
Missing character: There is no Ã in font cmr10!
Missing character: There is no ­ in font cmr10!
 [161]
Overfull \hbox (0.72275pt too wide) in paragraph at lines 37640--37660
 \OT1/cmr/bx/n/10 1601[] \OT1/cmr/m/n/10 noslin nasalen in-sulin in-slaan nasla
an neuslijn in-su-line aanslaan in-schalen
 []


Overfull \hbox (12.7228pt too wide) in paragraph at lines 37660--37680
 \OT1/cmr/bx/n/10 1602[] \OT1/cmr/m/n/10 in-sult con-sult in-sloot janslot nasl
aat in-slaat in-sluit in-slecht nasal-ity aansloot
 []


Overfull \hbox (6.22256pt too wide) in paragraph at lines 37700--37717
 \OT1/cmr/bx/n/10 1604[] \OT1/cmr/m/n/10 in-su-lar zinsleer nasaleer in-su-lair
 neusleer con-sular zi-jnsleer in-su-laire hanse-
 []


Overfull \hbox (19.77846pt too wide) in paragraph at lines 37792--37806
\OT1/cmr/m/n/10 lijk on-huis-li-jke on-huiselijk on-huiseli-jke aan-schouwelijk
 en-sem-ble-muziek aan-schouweli-
 []

[162]
Missing character: There is no Ã in font cmr10!
Missing character: There is no « in font cmr10!

Overfull \hbox (15.056pt too wide) in paragraph at lines 37825--37838
 \OT1/cmr/bx/n/10 1611[] \OT1/cmr/m/n/10 wahnsinn in-seinen neus-be-nen nasen-b
ein mansna-men con-so-nance in-sneeuwen
 []


Overfull \hbox (2.61153pt too wide) in paragraph at lines 37838--37858
 \OT1/cmr/bx/n/10 1612[] \OT1/cmr/m/n/10 un-sent con-sent nascent in-san-ity mo
n-santo in-sin-u-ate in-sneeuwt con-sument
 []

Missing character: There is no Ã in font cmr10!
Missing character: There is no ­ in font cmr10!
Missing character: There is no Ã in font cmr10!
Missing character: There is no ¤ in font cmr10!
[163]
Missing character: There is no Ã in font cmr10!
Missing character: There is no ¶ in font cmr10!
Missing character: There is no Ã in font cmr10!
Missing character: There is no Ÿ in font cmr10!
 [164]
Missing character: There is no Ã in font cmr10!
Missing character: There is no « in font cmr10!
Missing character: There is no Ã in font cmr10!
Missing character: There is no œ in font cmr10!
 [165]
Overfull \hbox (32.75024pt too wide) in paragraph at lines 38591--38599
 \OT1/cmr/bx/n/10 1644[] \OT1/cmr/m/n/10 en-surer in-surer cen-surer cen-sureer
 in-scriber con-sacreer neuswarmer beenbescher-
 []

Missing character: There is no Ã in font cmr10!
Missing character: There is no ¤ in font cmr10!
[166]
Missing character: There is no Ã in font cmr10!
Missing character: There is no ¼ in font cmr10!
Missing character: There is no Ã in font cmr10!
Missing character: There is no ¤ in font cmr10!

Overfull \hbox (5.05603pt too wide) in paragraph at lines 38811--38819
 \OT1/cmr/bx/n/10 1652[] \OT1/cmr/m/n/10 aan-schaft in-schuift nieuws-feit aan-
schafte nieuws-foto aan-schuift onbeschoft
 []

[167]
Overfull \hbox (9.11137pt too wide) in paragraph at lines 39069--39089
 \OT1/cmr/bx/n/10 1661[] \OT1/cmr/m/n/10 nessen nis-sen nis-san nassen hinssen 
anussen cnossen niessen ni-jssen henssen
 []

[168]
Missing character: There is no Ã in font cmr10!
Missing character: There is no ­ in font cmr10!
 [169]
Missing character: There is no Ã in font cmr10!
Missing character: There is no « in font cmr10!

Overfull \hbox (10.945pt too wide) in paragraph at lines 39335--39352
\OT1/cmr/m/n/10 aan-schopt in-spec-tie in-scheept in-schopte in-scheepte con-su
mp-tie aan-schopte bouwin-
 []

Missing character: There is no Ã in font cmr10!
Missing character: There is no ¶ in font cmr10!
[170] [171]
Overfull \hbox (4.33377pt too wide) in paragraph at lines 39677--39685
 \OT1/cmr/bx/n/10 1686[] \OT1/cmr/m/n/10 uniseks un-masks minsk's meniskus min-
sky's name-sakes newsweek's name-
 []

Missing character: There is no Ã in font cmr10!
Missing character: There is no – in font cmr10!
Missing character: There is no Ã in font cmr10!
Missing character: There is no ¼ in font cmr10!

Overfull \hbox (0.3893pt too wide) in paragraph at lines 39848--39856
 \OT1/cmr/bx/n/10 1691[] \OT1/cmr/m/n/10 en-sign in-signe con-sign in-signia co
n-signe con-signee hin-auszuge-hen nieuws-
 []

[172]
Missing character: There is no Ã in font cmr10!
Missing character: There is no ¤ in font cmr10!
Missing character: There is no Ã in font cmr10!
Missing character: There is no ¤ in font cmr10!
 [173]
Missing character: There is no Ã in font cmr10!
Missing character: There is no « in font cmr10!
Missing character: There is no Ã in font cmr10!
Missing character: There is no ¤ in font cmr10!

Overfull \hbox (0.8341pt too wide) in paragraph at lines 40154--40174
\OT1/cmr/m/n/10 plan nepalezen in-plooien napluizen mono-plane inz-i-jpe-len mo
nopolyen napoleonic
 []

Missing character: There is no Ã in font cmr10!
Missing character: There is no ¯ in font cmr10!

Overfull \hbox (2.05609pt too wide) in paragraph at lines 40202--40209
 \OT1/cmr/bx/n/10 1704[] \OT1/cmr/m/n/10 napluizer on-peil-baar jan-plezier ma-
nip-uleer on-peil-bare mo-nop-o-lizer woon-
 []

[174] [175]
Missing character: There is no Ã in font cmr10!
Missing character: There is no ­ in font cmr10!

Overfull \hbox (1.61166pt too wide) in paragraph at lines 40683--40703
 \OT1/cmr/bx/n/10 1721[] \OT1/cmr/m/n/10 nipten nep-tuno nep-tune noopten nep-t
u-nio aan-poten inzeepten aan-wipten
 []

[176]
Overfull \hbox (7.33398pt too wide) in paragraph at lines 40762--40780
\OT1/cmr/m/n/10 tha's hon-ey-pots nepo-tisme nymphet's neo-phyte's con-cep-ties
 men-uop-ties canapeet-
 []

[177]
Missing character: There is no Ã in font cmr10!
Missing character: There is no © in font cmr10!
Missing character: There is no Ã in font cmr10!
Missing character: There is no œ in font cmr10!
 [178]
Overfull \hbox (9.55617pt too wide) in paragraph at lines 41306--41312
 \OT1/cmr/bx/n/10 1740[] \OT1/cmr/m/n/10 in-op-er-abel in-op-er-a-ble in-op-er-
abele in-com-pa-ra-ble in-com-pa-ra-bly ein-bauprob-
 []

Missing character: There is no Ã in font cmr10!
Missing character: There is no « in font cmr10!
[179]
Overfull \hbox (11.52834pt too wide) in paragraph at lines 41345--41356
 \OT1/cmr/bx/n/10 1743[] \OT1/cmr/m/n/10 aan-porde un-paired un-ex-pired un-ham
-pered unim-paired en-ci-phered naziperi-
 []


Overfull \hbox (0.86165pt too wide) in paragraph at lines 41440--41459
\OT1/cmr/m/n/10 apers en-ci-phers ju-niper's man-power's nieuw-prijs wein-preis
e mono-pro-ceso huizen-
 []

[180] [181] [182]
Missing character: There is no Ã in font cmr10!
Missing character: There is no ­ in font cmr10!
 [183]
Overfull \hbox (6.00053pt too wide) in paragraph at lines 42386--42395
 \OT1/cmr/bx/n/10 1774[] \OT1/cmr/m/n/10 nip-per nap-per nep-per in-peper nip-p
ier nap-pier un-hap-pier bon-pa-pier hazen-
 []

[184] [185] [186]
Missing character: There is no Ã in font cmr10!
Missing character: There is no – in font cmr10!
Missing character: There is no Ã in font cmr10!
Missing character: There is no ¼ in font cmr10!
 [187] [188]
Overfull \hbox (6.5839pt too wide) in paragraph at lines 43483--43503
 \OT1/cmr/bx/n/10 1804[] \OT1/cmr/m/n/10 win-kler on-klare on-klaar inklaar en-
klaar inkleur enke-laar win-klaar wankeler
 []

[189]
Overfull \hbox (2.44507pt too wide) in paragraph at lines 43708--43723
 \OT1/cmr/bx/n/10 1812[] \OT1/cmr/m/n/10 aankant wankant aankunt zonkant menken
t za-ankant ban-knote bankconti
 []

[190]
Missing character: There is no Ã in font cmr10!
Missing character: There is no ­ in font cmr10!
Missing character: There is no Ã in font cmr10!
Missing character: There is no ¶ in font cmr10!
 [191] [192] [193]
Missing character: There is no Ã in font cmr10!
Missing character: There is no © in font cmr10!
Missing character: There is no Ã in font cmr10!
Missing character: There is no œ in font cmr10!
 [194]
Overfull \hbox (6.0005pt too wide) in paragraph at lines 44690--44710
 \OT1/cmr/bx/n/10 1841[] \OT1/cmr/m/n/10 ankeren bankrun inkeren hun-keren mank
eren nekharen woonkern jonkeren
 []


Overfull \hbox (3.25058pt too wide) in paragraph at lines 44710--44730
 \OT1/cmr/bx/n/10 1842[] \OT1/cmr/m/n/10 inkort ankert inkeert hun-kert nakaart
 bunkert bankroet in-bak-ert aankaart
 []


Overfull \hbox (1.05635pt too wide) in paragraph at lines 44710--44730
\OT1/cmr/m/n/10 bankiert man-keert bonkaart ankertje mankracht maankaart anker-
touw wi-jnkaart
 []


Overfull \hbox (7.945pt too wide) in paragraph at lines 44730--44750
 \OT1/cmr/bx/n/10 1843[] \OT1/cmr/m/n/10 onkruid ankerde han-kered cankered bun
kerde bankierd bankcard bankraad
 []

[195]
Overfull \hbox (6.25056pt too wide) in paragraph at lines 44825--44835
 \OT1/cmr/bx/n/10 1848[] \OT1/cmr/m/n/10 nuk-erke ni-jk-erk bankw-erk anker-bak
 zinkw-erk wi-jnkurk bankbreuk nieuwk-
 []


Overfull \hbox (20.1673pt too wide) in paragraph at lines 44835--44847
 \OT1/cmr/bx/n/10 1849[] \OT1/cmr/m/n/10 bonkerig aankreeg jankerig aankrijg an
-keroog bonkerige jankerige nauwkeurig
 []

[196]
Missing character: There is no Ã in font cmr10!
Missing character: There is no ¤ in font cmr10!
 [197]
Missing character: There is no Ã in font cmr10!
Missing character: There is no ­ in font cmr10!
 [198]
Missing character: There is no Ã in font cmr10!
Missing character: There is no © in font cmr10!

Overfull \hbox (14.38959pt too wide) in paragraph at lines 45601--45612
 \OT1/cmr/bx/n/10 1871[] \OT1/cmr/m/n/10 inkopen inkepen nekpijn inkuipen aanko
pen wi-jnkopen wi-jnkuipen nazikam-
 []

[199]
Overfull \hbox (24.55624pt too wide) in paragraph at lines 45665--45673
 \OT1/cmr/bx/n/10 1874[] \OT1/cmr/m/n/10 inkoper aankoper wi-jnkoper huizenkope
r wi-jnkoperij inkoop-bu-reau onomkoop-
 []

[200] [201]
Missing character: There is no Ã in font cmr10!
Missing character: There is no – in font cmr10!
Missing character: There is no Ã in font cmr10!
Missing character: There is no ¼ in font cmr10!
 [202] [203]
Missing character: There is no Ã in font cmr10!
Missing character: There is no « in font cmr10!
Missing character: There is no Ã in font cmr10!
Missing character: There is no « in font cmr10!
 [204]
Missing character: There is no Ã in font cmr10!
Missing character: There is no © in font cmr10!
Missing character: There is no Ã in font cmr10!
Missing character: There is no « in font cmr10!
Missing character: There is no Ã in font cmr10!
Missing character: There is no « in font cmr10!

Overfull \hbox (10.1116pt too wide) in paragraph at lines 46889--46903
 \OT1/cmr/bx/n/10 1914[] \OT1/cmr/m/n/10 en-gi-neer ongemener in-ge-nieur bon-g
e-naar onge-woner aan-ge-namer zangnum-
 []


Overfull \hbox (14.91733pt too wide) in paragraph at lines 46889--46903
\OT1/cmr/m/n/10 mer in-ge-nieuzer aan-ge-namere ni-jmege-naar on-be-gaan-bare m
i-jneige-naar nieuwegeiner
 []

Missing character: There is no Ã in font cmr10!
Missing character: There is no ­ in font cmr10!
[205]
Overfull \hbox (11.05608pt too wide) in paragraph at lines 47069--47089
 \OT1/cmr/bx/n/10 1921[] \OT1/cmr/m/n/10 en-gten in-goten nega-tion menigten ma
n-gaten in-gi-eten nageme-ten ongeweten
 []


Overfull \hbox (13.61174pt too wide) in paragraph at lines 47069--47089
\OT1/cmr/m/n/10 nagezeten ozon-gaten in-gezeten aang-i-eten in-ge-beten in-geme
-ten ongeme-ten aangeme-
 []


Overfull \hbox (14.38937pt too wide) in paragraph at lines 47089--47097
 \OT1/cmr/bx/n/10 1922[] \OT1/cmr/m/n/10 night-time ne-go-ti-ate mangetout in-g
ezette beength-eit aangezette nauwgezette
 []


Overfull \hbox (7.44502pt too wide) in paragraph at lines 47097--47106
 \OT1/cmr/bx/n/10 1923[] \OT1/cmr/m/n/10 negated ongetemd inge-toomd ab-ne-gate
d be-nighted ongetemde inge-toomde
 []


Overfull \hbox (5.69496pt too wide) in paragraph at lines 47106--47113
 \OT1/cmr/bx/n/10 1924[] \OT1/cmr/m/n/10 nugter nu-ga-tory night-mare nightwear
 naugh-tier einga-beterm nougatcreme 
 []

[206]
Overfull \hbox (6.61168pt too wide) in paragraph at lines 47343--47363
 \OT1/cmr/bx/n/10 1931[] \OT1/cmr/m/n/10 zeng-den neigden jong-den meng-den ong
edaan ingedaan nagedaan nagedane
 []


Overfull \hbox (6.33377pt too wide) in paragraph at lines 47363--47371
 \OT1/cmr/bx/n/10 1932[] \OT1/cmr/m/n/10 inge-dut nagedacht ongedacht ingedacht
 ongedachte nagedachte ingedachte
 []

[207]
Overfull \hbox (14.11174pt too wide) in paragraph at lines 47371--47385
 \OT1/cmr/bx/n/10 1933[] \OT1/cmr/m/n/10 ingedamd un-guided inge-duwd aange-duw
d aange-duid in-geademd aangedamd
 []

Missing character: There is no Ã in font cmr10!
Missing character: There is no © in font cmr10!
Missing character: There is no Ã in font cmr10!
Missing character: There is no œ in font cmr10!
[208]
Overfull \hbox (21.91733pt too wide) in paragraph at lines 47611--47631
\OT1/cmr/m/n/10 rien nige-rian hon-geren hang-oren hon-garen chan-g-eren zwan-g
eren menageren naaigaren
 []


Overfull \hbox (3.52827pt too wide) in paragraph at lines 47631--47651
 \OT1/cmr/bx/n/10 1942[] \OT1/cmr/m/n/10 in-grate en-g-bert hongert negrito jon
gert negeert in-groeit aan-grimt negertje
 []

Missing character: There is no Ã in font cmr10!
Missing character: There is no ¯ in font cmr10!

Overfull \hbox (5.22256pt too wide) in paragraph at lines 47691--47711
 \OT1/cmr/bx/n/10 1946[] \OT1/cmr/m/n/10 negers na-gras angers in-gres ne-gros 
in-gers con-gers bongers on-agers mengers
 []

Missing character: There is no Ã in font cmr10!
Missing character: There is no ¯ in font cmr10!

Overfull \hbox (35.69508pt too wide) in paragraph at lines 47724--47734
 \OT1/cmr/bx/n/10 1948[] \OT1/cmr/m/n/10 ban-gerik bang-broek negerwijk wange-b
ruik be-hang-w-erk baange-bruik negermuziek
 []

[209] [210]
Missing character: There is no Ã in font cmr10!
Missing character: There is no ¤ in font cmr10!
 [211]
Overfull \hbox (5.00047pt too wide) in paragraph at lines 48217--48225
 \OT1/cmr/bx/n/10 1963[] \OT1/cmr/m/n/10 an-guished aangesmede aanges-meed aang
esjouwd ongeschoeid ongewisheid
 []

Missing character: There is no Ã in font cmr10!
Missing character: There is no ¼ in font cmr10!
Missing character: There is no Ã in font cmr10!
Missing character: There is no ­ in font cmr10!
[212] [213] [214]
Overfull \hbox (29.94504pt too wide) in paragraph at lines 48857--48870
 \OT1/cmr/bx/n/10 1981[] \OT1/cmr/m/n/10 ongekozen in-gekomen in-geweken nageko
men hang-buiken zang-boeken mengkom-
 []


Overfull \hbox (44.72307pt too wide) in paragraph at lines 48857--48870
\OT1/cmr/m/n/10 men aangekomen nabi-jgekomen nieuwgekozen hang-buikzwijn bi-jee
ngekomen umhingekom-
 []

Missing character: There is no Ã in font cmr10!
Missing character: There is no – in font cmr10!
[215]
Missing character: There is no Ã in font cmr10!
Missing character: There is no ¼ in font cmr10!
Missing character: There is no Ã in font cmr10!
Missing character: There is no ¤ in font cmr10!
 [216] [217]
Missing character: There is no Ã in font cmr10!
Missing character: There is no ¯ in font cmr10!
 [218]
Overfull \hbox (11.66736pt too wide) in paragraph at lines 49762--49779
\OT1/cmr/m/n/10 nen teile-na-men meetli-j-nen machtlin-ien zichtli-j-nen au-to-
colonne ac-tieli-j-nen metaalio-
 []


Overfull \hbox (18.33391pt too wide) in paragraph at lines 49779--49796
\OT1/cmr/m/n/10 teil-netze ital-ianate zwem-tal-ent zitele-ment eti-ole-ment te
le-com-net at-lanticum telecom-
 []

Missing character: There is no Ã in font cmr10!
Missing character: There is no ­ in font cmr10!
[219]
Overfull \hbox (5.83397pt too wide) in paragraph at lines 50036--50056
\OT1/cmr/m/n/10 uitli-eten toeli-eten uit-lachten theeleuten toelachten tab-u-l
a-tion uitlichten toelichten
 []

[220]
Missing character: There is no Ã in font cmr10!
Missing character: There is no œ in font cmr10!
 [221]
Overfull \hbox (5.44485pt too wide) in paragraph at lines 50518--50527
 \OT1/cmr/bx/n/10 2042[] \OT1/cmr/m/n/10 hotel-rat tol-er-ate etaleert tol-rech
t taal-recht teljoortje ate-liertje telexbericht
 []

[222]
Missing character: There is no Ã in font cmr10!
Missing character: There is no ¤ in font cmr10!
 [223] [224]
Overfull \hbox (1.11171pt too wide) in paragraph at lines 51041--51048
 \OT1/cmr/bx/n/10 2060[] \OT1/cmr/m/n/10 taalschool taal-sym-bool cat-a-clysmal
 ho-telschool mytylschool metic-u-lously
 []


Overfull \hbox (10.83398pt too wide) in paragraph at lines 51055--51075
\OT1/cmr/m/n/10 stam cat-a-lyst hitli-jst uitleest weet-lust uit-loost tele-cas
t uit-blaast timeli-est tomeloost
 []

Missing character: There is no Ã in font cmr10!
Missing character: There is no ­ in font cmr10!
[225]
Missing character: There is no Ã in font cmr10!
Missing character: There is no © in font cmr10!
 [226]
Overfull \hbox (14.05605pt too wide) in paragraph at lines 51458--51471
 \OT1/cmr/bx/n/10 2076[] \OT1/cmr/m/n/10 tulips tel-pas tulip's toe-clips catal
-pas tweeloops be-taal-pas catalpa's catalepsy
 []

[227]
Missing character: There is no Ã in font cmr10!
Missing character: There is no ¶ in font cmr10!

Overfull \hbox (2.72292pt too wide) in paragraph at lines 51645--51658
 \OT1/cmr/bx/n/10 2082[] \OT1/cmr/m/n/10 tolkt tolkte uitlekt toolkit uit-lokt 
uit-likt uit-lokte uit-melkt uit-likte uitlekte
 []


Overfull \hbox (9.05614pt too wide) in paragraph at lines 51663--51672
 \OT1/cmr/bx/n/10 2084[] \OT1/cmr/m/n/10 talker talkier tolka-mer tjoelker tool
-maker hatelijker hotelka-mer ambtelijker
 []

Missing character: There is no Ã in font cmr10!
Missing character: There is no – in font cmr10!
[228]
Missing character: There is no Ã in font cmr10!
Missing character: There is no ¤ in font cmr10!
Missing character: There is no Ã in font cmr10!
Missing character: There is no ¤ in font cmr10!
Missing character: There is no Ã in font cmr10!
Missing character: There is no Ÿ in font cmr10!
 [229] [230] (./numbers.aux) ) 
Here is how much of TeX's memory you used:
 226 strings out of 494953
 2412 string characters out of 6180978
 51390 words of memory out of 5000000
 3587 multiletter control sequences out of 15000+600000
 6983 words of font info for 25 fonts, out of 8000000 for 9000
 14 hyphenation exceptions out of 8191
 23i,6n,17p,222b,187s stack positions out of 5000i,500n,10000p,200000b,80000s
</usr/share/texlive/texmf-dist/fonts/type1/public
/amsfonts/cm/cmbx10.pfb></usr/share/texlive/texmf-dist/fonts/type1/public/amsfo
nts/cm/cmr10.pfb></usr/share/texlive/texmf-dist/fonts/type1/public/amsfonts/cm/
cmr12.pfb></usr/share/texlive/texmf-dist/fonts/type1/public/amsfonts/cm/cmr17.p
fb>
Output written on numbers.pdf (230 pages, 321286 bytes).
PDF statistics:
 764 PDF objects out of 1000 (max. 8388607)
 522 compressed objects within 6 object streams
 0 named destinations out of 1000 (max. 500000)
 1 words of extra memory for PDF output out of 10000 (max. 10000000)

